2025-05-26 22:44:33 - funboost.prompt - "/home/gift/.pyenv/versions/sp/lib/python3.11/site-packages/funboost/set_frame_config.py:64" - show_funboost_flag - DEBUG - [0m

          ___                  ___                    ___                                           ___                    ___                    ___                          
         /  /\                /__/\                  /__/\                  _____                  /  /\                  /  /\                  /  /\                   ___   
        /  /:/_               \  \:\                 \  \:\                /  /::\                /  /::\                /  /::\                /  /:/_                 /  /\  
       /  /:/ /\               \  \:\                 \  \:\              /  /:/\:\              /  /:/\:\              /  /:/\:\              /  /:/ /\               /  /:/  
      /  /:/ /:/           ___  \  \:\            _____\__\:\            /  /:/~/::\            /  /:/  \:\            /  /:/  \:\            /  /:/ /::\             /  /:/   
     /__/:/ /:/           /__/\  \__\:\          /__/::::::::\          /__/:/ /:/\:|          /__/:/ \__\:\          /__/:/ \__\:\          /__/:/ /:/\:\           /  /::\   
     \  \:\/:/            \  \:\ /  /:/          \  \:\~~\~~\/          \  \:\/:/~/:/          \  \:\ /  /:/          \  \:\ /  /:/          \  \:\/:/~/:/          /__/:/\:\  
      \  \::/              \  \:\  /:/            \  \:\  ~~~            \  \::/ /:/            \  \:\  /:/            \  \:\  /:/            \  \::/ /:/           \__\/  \:\ 
       \  \:\               \  \:\/:/              \  \:\                 \  \:\/:/              \  \:\/:/              \  \:\/:/              \__\/ /:/                 \  \:\
        \  \:\               \  \::/                \  \:\                 \  \::/                \  \::/                \  \::/                 /__/:/                   \__\/
         \__\/                \__\/                  \__\/                  \__\/                  \__\/                  \__\/                  \__\/                         



    [0m
2025-05-26 22:44:33 - funboost.prompt - "/home/gift/.pyenv/versions/sp/lib/python3.11/site-packages/funboost/set_frame_config.py:66" - show_funboost_flag - DEBUG - åˆ†å¸ƒå¼å‡½æ•°è°ƒåº¦æ¡†æ¶funboostæ–‡æ¡£åœ°å€ï¼š  [0m https://funboost.readthedocs.io/zh-cn/latest/ [0m 
2025-05-26 22:44:33 - funboost.prompt - "/home/gift/.pyenv/versions/sp/lib/python3.11/site-packages/funboost/set_frame_config.py:127" - use_config_form_funboost_config_module - DEBUG - [0;93m22:44:33[0m  "/home/gift/.pyenv/versions/sp/lib/python3.11/site-packages/funboost/set_frame_config.py:127"   [0;93;100m
    åˆ†å¸ƒå¼å‡½æ•°è°ƒåº¦æ¡†æ¶ä¼šè‡ªåŠ¨å¯¼å…¥funboost_configæ¨¡å—
    å½“ç¬¬ä¸€æ¬¡è¿è¡Œè„šæœ¬æ—¶å€™ï¼Œå‡½æ•°è°ƒåº¦æ¡†æ¶ä¼šåœ¨ä½ çš„pythonå½“å‰é¡¹ç›®çš„æ ¹ç›®å½•ä¸‹ /home/gift/.pyenv/versions/3.11.9/lib/python311.zip ä¸‹ï¼Œåˆ›å»ºä¸€ä¸ªåä¸º funboost_config.py çš„æ–‡ä»¶ã€‚
    è‡ªåŠ¨è¯»å–é…ç½®ï¼Œä¼šä¼˜å…ˆè¯»å–å¯åŠ¨è„šæœ¬çš„æ‰€åœ¨ç›®å½• /media/Data/SynologyDrive/GitHub/FastapiSkeletonTemplate/fastapi-skeleton-template çš„funboost_config.pyæ–‡ä»¶ï¼Œ
    å¦‚æœæ²¡æœ‰ /media/Data/SynologyDrive/GitHub/FastapiSkeletonTemplate/fastapi-skeleton-template/funboost_config.py æ–‡ä»¶ï¼Œåˆ™è¯»å–é¡¹ç›®æ ¹ç›®å½• /home/gift/.pyenv/versions/3.11.9/lib/python311.zip ä¸‹çš„funboost_config.pyåšé…ç½®ã€‚
    åªè¦ funboost_config.py åœ¨ä»»æ„ PYTHONPATH çš„æ–‡ä»¶å¤¹ä¸‹ï¼Œå°±èƒ½è‡ªåŠ¨è¯»å–åˆ°ã€‚
    åœ¨ "/home/gift/.pyenv/versions/3.11.9/lib/python311.zip/funboost_config.py:1" æ–‡ä»¶ä¸­ï¼Œéœ€è¦æŒ‰éœ€é‡æ–°è®¾ç½®è¦ä½¿ç”¨åˆ°çš„ä¸­é—´ä»¶çš„é”®å’Œå€¼ï¼Œä¾‹å¦‚æ²¡æœ‰ä½¿ç”¨rabbitmqè€Œæ˜¯ä½¿ç”¨redisåšä¸­é—´ä»¶ï¼Œåˆ™ä¸éœ€è¦é…ç½®rabbitmqã€‚
    [0m

2025-05-26 22:44:33 - funboost.prompt - "/home/gift/.pyenv/versions/sp/lib/python3.11/site-packages/funboost/set_frame_config.py:136" - use_config_form_funboost_config_module - DEBUG - åˆ†å¸ƒå¼å‡½æ•°è°ƒåº¦æ¡†æ¶ è¯»å–åˆ°
 "/media/Data/SynologyDrive/GitHub/FastapiSkeletonTemplate/fastapi-skeleton-template/funboost_config.py:1" æ–‡ä»¶é‡Œé¢çš„å˜é‡ä½œä¸ºä¼˜å…ˆé…ç½®äº†

2025-05-26 22:44:33 - funboost.prompt - "/home/gift/.pyenv/versions/sp/lib/python3.11/site-packages/funboost/set_frame_config.py:85" - show_frame_config - DEBUG - æ˜¾ç¤ºå½“å‰çš„é¡¹ç›®ä¸­é—´ä»¶é…ç½®å‚æ•°
2025-05-26 22:44:33 - funboost.prompt - "/home/gift/.pyenv/versions/sp/lib/python3.11/site-packages/funboost/set_frame_config.py:101" - show_frame_config - DEBUG - è¯»å–çš„ BrokerConnConfig é…ç½®æ˜¯:
 {
    "MONGO_CONNECT_URL": "mongodb://127.0.0.1:27017",
    "RABBITMQ_USER": "rabbitmq_user",
    "RABBITMQ_PASS": "rab**********",
    "RABBITMQ_HOST": "127.0.0.1",
    "RABBITMQ_PORT": 5672,
    "RABBITMQ_VIRTUAL_HOST": "",
    "RABBITMQ_URL": "amqp://rabbitmq_user:rab**********@127.0.0.1:5672/",
    "REDIS_HOST": "127.0.0.1",
    "REDIS_USERNAME": "",
    "REDIS_PASSWORD": "",
    "REDIS_PORT": 6379,
    "REDIS_DB": 7,
    "REDIS_DB_FILTER_AND_RPC_RESULT": 8,
    "REDIS_URL": "redis://:@127.0.0.1:6379/7",
    "NSQD_TCP_ADDRESSES": "['127.0.0.1:4150']",
    "NSQD_HTTP_CLIENT_HOST": "127.0.0.1",
    "NSQD_HTTP_CLIENT_PORT": 4151,
    "KAFKA_BOOTSTRAP_SERVERS": "['127.0.0.1:9092']",
    "KFFKA_SASL_CONFIG": {
        "bootstrap_servers": [
            "127.0.0.1:9092"
        ],
        "sasl_plain_username": "",
        "sasl_plain_password": "",
        "sasl_mechanism": "SCRAM-SHA-256",
        "security_protocol": "SASL_PLAINTEXT"
    },
    "SQLACHEMY_ENGINE_URL": "sqlite:////sqlachemy_queues/queues.db",
    "MYSQL_HOST": "127.0.0.1",
    "MYSQL_PORT": 3306,
    "MYSQL_USER": "root",
    "MYSQL_PASSWORD": "123***",
    "MYSQL_DATABASE": "testdb6",
    "SQLLITE_QUEUES_PATH": "/sqllite_queues",
    "TXT_FILE_PATH": "/media/Data/SynologyDrive/GitHub/FastapiSkeletonTemplate/fastapi-skeleton-template/txt_queues",
    "ROCKETMQ_NAMESRV_ADDR": "192.168.199.202:9876",
    "MQTT_HOST": "127.0.0.1",
    "MQTT_TCP_PORT": 1883,
    "HTTPSQS_HOST": "127.0.0.1",
    "HTTPSQS_PORT": "1218",
    "HTTPSQS_AUTH": "123456",
    "NATS_URL": "nats://192.168.6.134:4222",
    "KOMBU_URL": "redis://127.0.0.1:6379/9",
    "CELERY_BROKER_URL": "redis://127.0.0.1:6379/12",
    "CELERY_RESULT_BACKEND": "redis://127.0.0.1:6379/13",
    "DRAMATIQ_URL": "amqp://rabbitmq_user:rab**********@127.0.0.1:5672/",
    "PULSAR_URL": "pulsar://192.168.70.128:6650"
} 
2025-05-26 22:44:33 - funboost.prompt - "/home/gift/.pyenv/versions/sp/lib/python3.11/site-packages/funboost/set_frame_config.py:103" - show_frame_config - DEBUG - è¯»å–çš„ FunboostCommonConfig é…ç½®æ˜¯:
  {
    "NB_LOG_FORMATER_INDEX_FOR_CONSUMER_AND_PUBLISHER": "<logging.Formatter object at 0x7fa996cebad0>",
    "TIMEZONE": "Asia/Shanghai",
    "SHOW_HOW_FUNBOOST_CONFIG_SETTINGS": true,
    "FUNBOOST_PROMPT_LOG_LEVEL": 10,
    "KEEPALIVETIMETHREAD_LOG_LEVEL": 10
} 
2025-05-26 22:44:33 - funboost.prompt - "/home/gift/.pyenv/versions/sp/lib/python3.11/site-packages/funboost/core/booster.py:104" - __call__ - DEBUG -  task_test booster é…ç½®æ˜¯ {"queue_name": "task_test", "concurrent_mode": "threading", "concurrent_num": 200, "specify_concurrent_pool": null, "specify_async_loop": null, "qps": null, "is_using_distributed_frequency_control": false, "is_send_consumer_hearbeat_to_redis": false, "max_retry_times": 3, "retry_interval": 0, "is_push_to_dlx_queue_when_retry_max_times": false, "consumin_function_decorator": null, "function_timeout": 0, "log_level": 10, "logger_prefix": "", "create_logger_file": true, "logger_name": "", "log_filename": null, "is_show_message_get_from_broker": false, "is_print_detail_exception": true, "msg_expire_senconds": null, "do_task_filtering": false, "task_filtering_expire_seconds": 0, "function_result_status_persistance_conf": {"is_save_status": false, "is_save_result": false, "expire_seconds": 604800, "is_use_bulk_insert": false}, "user_custom_record_process_info_func": null, "is_using_rpc_mode": true, "rpc_result_expire_seconds": 600, "is_support_remote_kill_task": true, "is_do_not_run_by_specify_time_effect": false, "do_not_run_by_specify_time": ["10:00:00", "22:00:00"], "schedule_tasks_on_main_thread": false, "is_auto_start_consuming_message": false, "consuming_function": "<function task_test at 0x7fa996f90860>", "consuming_function_raw": "<function task_test at 0x7fa996f90860>", "broker_kind": "REDIS", "broker_exclusive_config": {}, "should_check_publish_func_params": true, "consumer_override_cls": null, "publisher_override_cls": null, "auto_generate_info": {}, "consuming_function_kind": "COMMON_FUNCTION"}
2025-05-26 22:44:34 - funboost.prompt - "/home/gift/.pyenv/versions/sp/lib/python3.11/site-packages/funboost/set_frame_config.py:64" - show_funboost_flag - DEBUG - [0m

          ___                  ___                    ___                                           ___                    ___                    ___                          
         /  /\                /__/\                  /__/\                  _____                  /  /\                  /  /\                  /  /\                   ___   
        /  /:/_               \  \:\                 \  \:\                /  /::\                /  /::\                /  /::\                /  /:/_                 /  /\  
       /  /:/ /\               \  \:\                 \  \:\              /  /:/\:\              /  /:/\:\              /  /:/\:\              /  /:/ /\               /  /:/  
      /  /:/ /:/           ___  \  \:\            _____\__\:\            /  /:/~/::\            /  /:/  \:\            /  /:/  \:\            /  /:/ /::\             /  /:/   
     /__/:/ /:/           /__/\  \__\:\          /__/::::::::\          /__/:/ /:/\:|          /__/:/ \__\:\          /__/:/ \__\:\          /__/:/ /:/\:\           /  /::\   
     \  \:\/:/            \  \:\ /  /:/          \  \:\~~\~~\/          \  \:\/:/~/:/          \  \:\ /  /:/          \  \:\ /  /:/          \  \:\/:/~/:/          /__/:/\:\  
      \  \::/              \  \:\  /:/            \  \:\  ~~~            \  \::/ /:/            \  \:\  /:/            \  \:\  /:/            \  \::/ /:/           \__\/  \:\ 
       \  \:\               \  \:\/:/              \  \:\                 \  \:\/:/              \  \:\/:/              \  \:\/:/              \__\/ /:/                 \  \:\
        \  \:\               \  \::/                \  \:\                 \  \::/                \  \::/                \  \::/                 /__/:/                   \__\/
         \__\/                \__\/                  \__\/                  \__\/                  \__\/                  \__\/                  \__\/                         



    [0m
2025-05-26 22:44:34 - funboost.prompt - "/home/gift/.pyenv/versions/sp/lib/python3.11/site-packages/funboost/set_frame_config.py:66" - show_funboost_flag - DEBUG - åˆ†å¸ƒå¼å‡½æ•°è°ƒåº¦æ¡†æ¶funboostæ–‡æ¡£åœ°å€ï¼š  [0m https://funboost.readthedocs.io/zh-cn/latest/ [0m 
2025-05-26 22:44:34 - funboost.prompt - "/home/gift/.pyenv/versions/sp/lib/python3.11/site-packages/funboost/core/booster.py:104" - __call__ - DEBUG -  task_test booster é…ç½®æ˜¯ {"queue_name": "task_test", "concurrent_mode": "threading", "concurrent_num": 200, "specify_concurrent_pool": null, "specify_async_loop": null, "qps": null, "is_using_distributed_frequency_control": false, "is_send_consumer_hearbeat_to_redis": false, "max_retry_times": 3, "retry_interval": 0, "is_push_to_dlx_queue_when_retry_max_times": false, "consumin_function_decorator": null, "function_timeout": 0, "log_level": 10, "logger_prefix": "", "create_logger_file": true, "logger_name": "", "log_filename": null, "is_show_message_get_from_broker": false, "is_print_detail_exception": true, "msg_expire_senconds": null, "do_task_filtering": false, "task_filtering_expire_seconds": 0, "function_result_status_persistance_conf": {"is_save_status": false, "is_save_result": false, "expire_seconds": 604800, "is_use_bulk_insert": false}, "user_custom_record_process_info_func": null, "is_using_rpc_mode": true, "rpc_result_expire_seconds": 600, "is_support_remote_kill_task": true, "is_do_not_run_by_specify_time_effect": false, "do_not_run_by_specify_time": ["10:00:00", "22:00:00"], "schedule_tasks_on_main_thread": false, "is_auto_start_consuming_message": false, "consuming_function": "<function task_test at 0x7fefbf291e40>", "consuming_function_raw": "<function task_test at 0x7fefbf291e40>", "broker_kind": "REDIS", "broker_exclusive_config": {}, "should_check_publish_func_params": true, "consumer_override_cls": null, "publisher_override_cls": null, "auto_generate_info": {}, "consuming_function_kind": "COMMON_FUNCTION"}
